INFO [2020-06-08 16:51:58] [[1]]
INFO [2020-06-08 16:51:58] list(needleclass, rootclass)
INFO [2020-06-08 16:51:58] 
INFO [2020-06-08 16:51:58] $scaled
INFO [2020-06-08 16:51:58] [1] TRUE
INFO [2020-06-08 16:51:58] 
INFO [2020-06-08 16:51:58] $filename
INFO [2020-06-08 16:51:58] NULL
INFO [2020-06-08 16:51:58] 
INFO [2020-06-08 16:51:58] $lty
INFO [2020-06-08 16:51:58] [1] "blank"
INFO [2020-06-08 16:51:58] 
INFO [2020-06-08 16:51:58] $fill
INFO [2020-06-08 16:51:58] c("green", "brown")
INFO [2020-06-08 16:51:58] 
INFO [2020-06-08 16:51:58] $category.names
INFO [2020-06-08 16:51:58] c("needles", "roots")
INFO [2020-06-08 16:51:58] 
INFO [2020-06-08 16:51:58] [[1]]
INFO [2020-06-08 16:51:58] list(needleclassup, needleclassdown, rootclassup, rootclassdown)
INFO [2020-06-08 16:51:58] 
INFO [2020-06-08 16:51:58] $filename
INFO [2020-06-08 16:51:58] NULL
INFO [2020-06-08 16:51:58] 
INFO [2020-06-08 16:51:58] $category
INFO [2020-06-08 16:51:58] c("needleup", "needledown", "rootup", "rootdown")
INFO [2020-06-08 16:51:58] 
INFO [2020-06-08 16:51:58] $fill
INFO [2020-06-08 16:51:58] c("green", "darkgreen", "#663300", "#CC9933")
INFO [2020-06-08 16:51:58] 
INFO [2020-06-08 16:51:58] $ext.length
INFO [2020-06-08 16:51:58] [1] 0.85
INFO [2020-06-08 16:51:58] 
INFO [2020-06-08 16:51:58] $ext.line.lwd
INFO [2020-06-08 16:51:58] [1] 2
INFO [2020-06-08 16:51:58] 
INFO [2020-06-08 16:51:58] $ext.line.lty
INFO [2020-06-08 16:51:58] [1] "dashed"
INFO [2020-06-08 16:51:58] 
INFO [2020-06-08 16:51:58] $margin
INFO [2020-06-08 16:51:58] [1] 0.2
INFO [2020-06-08 16:51:58] 
