INFO [2020-06-08 16:51:56] [[1]]
INFO [2020-06-08 16:51:56] list(Erootup, CLrootup, CRrootup)
INFO [2020-06-08 16:51:56] 
INFO [2020-06-08 16:51:56] $scaled
INFO [2020-06-08 16:51:56] [1] TRUE
INFO [2020-06-08 16:51:56] 
INFO [2020-06-08 16:51:56] $filename
INFO [2020-06-08 16:51:56] NULL
INFO [2020-06-08 16:51:56] 
INFO [2020-06-08 16:51:56] $lty
INFO [2020-06-08 16:51:56] [1] "blank"
INFO [2020-06-08 16:51:56] 
INFO [2020-06-08 16:51:56] $fill
INFO [2020-06-08 16:51:56] c("yellow", "red", "blue")
INFO [2020-06-08 16:51:56] 
INFO [2020-06-08 16:51:56] $category.names
INFO [2020-06-08 16:51:56] c("Early", "Late", "Recovery")
INFO [2020-06-08 16:51:56] 
INFO [2020-06-08 16:51:56] [[1]]
INFO [2020-06-08 16:51:56] list(Erootdown, CLrootdown, CRrootdown)
INFO [2020-06-08 16:51:56] 
INFO [2020-06-08 16:51:56] $scaled
INFO [2020-06-08 16:51:56] [1] TRUE
INFO [2020-06-08 16:51:56] 
INFO [2020-06-08 16:51:56] $filename
INFO [2020-06-08 16:51:56] NULL
INFO [2020-06-08 16:51:56] 
INFO [2020-06-08 16:51:56] $lty
INFO [2020-06-08 16:51:56] [1] "blank"
INFO [2020-06-08 16:51:56] 
INFO [2020-06-08 16:51:56] $fill
INFO [2020-06-08 16:51:56] c("yellow", "red", "blue")
INFO [2020-06-08 16:51:56] 
INFO [2020-06-08 16:51:56] $category.names
INFO [2020-06-08 16:51:56] c("Early", "Late", "Recovery")
INFO [2020-06-08 16:51:56] 
