INFO [2020-06-09 09:47:45] [[1]]
INFO [2020-06-09 09:47:45] list(needleclass, rootclass)
INFO [2020-06-09 09:47:45] 
INFO [2020-06-09 09:47:45] $scaled
INFO [2020-06-09 09:47:45] [1] TRUE
INFO [2020-06-09 09:47:45] 
INFO [2020-06-09 09:47:45] $filename
INFO [2020-06-09 09:47:45] NULL
INFO [2020-06-09 09:47:45] 
INFO [2020-06-09 09:47:45] $lty
INFO [2020-06-09 09:47:45] [1] "blank"
INFO [2020-06-09 09:47:45] 
INFO [2020-06-09 09:47:45] $fill
INFO [2020-06-09 09:47:45] c("green", "brown")
INFO [2020-06-09 09:47:45] 
INFO [2020-06-09 09:47:45] $category.names
INFO [2020-06-09 09:47:45] c("needles", "roots")
INFO [2020-06-09 09:47:45] 
INFO [2020-06-09 09:47:45] [[1]]
INFO [2020-06-09 09:47:45] list(needleclassup, needleclassdown, rootclassup, rootclassdown)
INFO [2020-06-09 09:47:45] 
INFO [2020-06-09 09:47:45] $filename
INFO [2020-06-09 09:47:45] NULL
INFO [2020-06-09 09:47:45] 
INFO [2020-06-09 09:47:45] $category
INFO [2020-06-09 09:47:45] c("needleup", "needledown", "rootup", "rootdown")
INFO [2020-06-09 09:47:45] 
INFO [2020-06-09 09:47:45] $fill
INFO [2020-06-09 09:47:45] c("green", "darkgreen", "#663300", "#CC9933")
INFO [2020-06-09 09:47:45] 
INFO [2020-06-09 09:47:45] $ext.length
INFO [2020-06-09 09:47:45] [1] 0.85
INFO [2020-06-09 09:47:45] 
INFO [2020-06-09 09:47:45] $ext.line.lwd
INFO [2020-06-09 09:47:45] [1] 2
INFO [2020-06-09 09:47:45] 
INFO [2020-06-09 09:47:45] $ext.line.lty
INFO [2020-06-09 09:47:45] [1] "dashed"
INFO [2020-06-09 09:47:45] 
INFO [2020-06-09 09:47:45] $margin
INFO [2020-06-09 09:47:45] [1] 0.2
INFO [2020-06-09 09:47:45] 
