INFO [2020-06-09 09:47:43] [[1]]
INFO [2020-06-09 09:47:43] list(Erootup, CLrootup, CRrootup)
INFO [2020-06-09 09:47:43] 
INFO [2020-06-09 09:47:43] $scaled
INFO [2020-06-09 09:47:43] [1] TRUE
INFO [2020-06-09 09:47:43] 
INFO [2020-06-09 09:47:43] $filename
INFO [2020-06-09 09:47:43] NULL
INFO [2020-06-09 09:47:43] 
INFO [2020-06-09 09:47:43] $lty
INFO [2020-06-09 09:47:43] [1] "blank"
INFO [2020-06-09 09:47:43] 
INFO [2020-06-09 09:47:43] $fill
INFO [2020-06-09 09:47:43] c("yellow", "red", "blue")
INFO [2020-06-09 09:47:43] 
INFO [2020-06-09 09:47:43] $category.names
INFO [2020-06-09 09:47:43] c("Early", "Late", "Recovery")
INFO [2020-06-09 09:47:43] 
INFO [2020-06-09 09:47:43] [[1]]
INFO [2020-06-09 09:47:43] list(Erootdown, CLrootdown, CRrootdown)
INFO [2020-06-09 09:47:43] 
INFO [2020-06-09 09:47:43] $scaled
INFO [2020-06-09 09:47:43] [1] TRUE
INFO [2020-06-09 09:47:43] 
INFO [2020-06-09 09:47:43] $filename
INFO [2020-06-09 09:47:43] NULL
INFO [2020-06-09 09:47:43] 
INFO [2020-06-09 09:47:43] $lty
INFO [2020-06-09 09:47:43] [1] "blank"
INFO [2020-06-09 09:47:43] 
INFO [2020-06-09 09:47:43] $fill
INFO [2020-06-09 09:47:43] c("yellow", "red", "blue")
INFO [2020-06-09 09:47:43] 
INFO [2020-06-09 09:47:43] $category.names
INFO [2020-06-09 09:47:43] c("Early", "Late", "Recovery")
INFO [2020-06-09 09:47:43] 
