INFO [2020-06-08 16:50:10] [[1]]
INFO [2020-06-08 16:50:10] list(Enup, CLup, CRup)
INFO [2020-06-08 16:50:10] 
INFO [2020-06-08 16:50:10] $scaled
INFO [2020-06-08 16:50:10] [1] TRUE
INFO [2020-06-08 16:50:10] 
INFO [2020-06-08 16:50:10] $filename
INFO [2020-06-08 16:50:10] NULL
INFO [2020-06-08 16:50:10] 
INFO [2020-06-08 16:50:10] $lty
INFO [2020-06-08 16:50:10] [1] "blank"
INFO [2020-06-08 16:50:10] 
INFO [2020-06-08 16:50:10] $fill
INFO [2020-06-08 16:50:10] c("yellow", "red", "blue")
INFO [2020-06-08 16:50:10] 
INFO [2020-06-08 16:50:10] $category.names
INFO [2020-06-08 16:50:10] c("Early", "Late", "Recovery")
INFO [2020-06-08 16:50:10] 
INFO [2020-06-08 16:50:10] [[1]]
INFO [2020-06-08 16:50:10] list(Endown, CLdown, CRdown)
INFO [2020-06-08 16:50:10] 
INFO [2020-06-08 16:50:10] $scaled
INFO [2020-06-08 16:50:10] [1] TRUE
INFO [2020-06-08 16:50:10] 
INFO [2020-06-08 16:50:10] $filename
INFO [2020-06-08 16:50:10] NULL
INFO [2020-06-08 16:50:10] 
INFO [2020-06-08 16:50:10] $lty
INFO [2020-06-08 16:50:10] [1] "blank"
INFO [2020-06-08 16:50:10] 
INFO [2020-06-08 16:50:10] $fill
INFO [2020-06-08 16:50:10] c("yellow", "red", "blue")
INFO [2020-06-08 16:50:10] 
INFO [2020-06-08 16:50:10] $category.names
INFO [2020-06-08 16:50:10] c("Early", "Late", "Recovery")
INFO [2020-06-08 16:50:10] 
