INFO [2020-06-09 09:49:27] [[1]]
INFO [2020-06-09 09:49:27] list(CRup, CRdown, CRrootup, CRrootdown)
INFO [2020-06-09 09:49:27] 
INFO [2020-06-09 09:49:27] $filename
INFO [2020-06-09 09:49:27] NULL
INFO [2020-06-09 09:49:27] 
INFO [2020-06-09 09:49:27] $category
INFO [2020-06-09 09:49:27] c("needleup", "needledown", "rootup", "rootdown")
INFO [2020-06-09 09:49:27] 
INFO [2020-06-09 09:49:27] $fill
INFO [2020-06-09 09:49:27] c("green", "darkgreen", "#663300", "#CC9933")
INFO [2020-06-09 09:49:27] 
INFO [2020-06-09 09:49:27] $ext.length
INFO [2020-06-09 09:49:27] [1] 0.85
INFO [2020-06-09 09:49:27] 
INFO [2020-06-09 09:49:27] $ext.line.lwd
INFO [2020-06-09 09:49:27] [1] 2
INFO [2020-06-09 09:49:27] 
INFO [2020-06-09 09:49:27] $ext.line.lty
INFO [2020-06-09 09:49:27] [1] "dashed"
INFO [2020-06-09 09:49:27] 
INFO [2020-06-09 09:49:27] $margin
INFO [2020-06-09 09:49:27] [1] 0.2
INFO [2020-06-09 09:49:27] 
