INFO [2020-06-09 09:49:26] [[1]]
INFO [2020-06-09 09:49:26] list(Enup, Endown, Erootup, Erootdown)
INFO [2020-06-09 09:49:26] 
INFO [2020-06-09 09:49:26] $filename
INFO [2020-06-09 09:49:26] NULL
INFO [2020-06-09 09:49:26] 
INFO [2020-06-09 09:49:26] $category
INFO [2020-06-09 09:49:26] c("needleup", "needledown", "rootup", "rootdown")
INFO [2020-06-09 09:49:26] 
INFO [2020-06-09 09:49:26] $fill
INFO [2020-06-09 09:49:26] c("green", "darkgreen", "#663300", "#CC9933")
INFO [2020-06-09 09:49:26] 
INFO [2020-06-09 09:49:26] $ext.length
INFO [2020-06-09 09:49:26] [1] 0.85
INFO [2020-06-09 09:49:26] 
INFO [2020-06-09 09:49:26] $ext.line.lwd
INFO [2020-06-09 09:49:26] [1] 2
INFO [2020-06-09 09:49:26] 
INFO [2020-06-09 09:49:26] $ext.line.lty
INFO [2020-06-09 09:49:26] [1] "dashed"
INFO [2020-06-09 09:49:26] 
INFO [2020-06-09 09:49:26] $margin
INFO [2020-06-09 09:49:26] [1] 0.2
INFO [2020-06-09 09:49:26] 
INFO [2020-06-09 09:49:26] [[1]]
INFO [2020-06-09 09:49:26] list(CLup, CLdown, CLrootup, CLrootdown)
INFO [2020-06-09 09:49:26] 
INFO [2020-06-09 09:49:26] $filename
INFO [2020-06-09 09:49:26] NULL
INFO [2020-06-09 09:49:26] 
INFO [2020-06-09 09:49:26] $category
INFO [2020-06-09 09:49:26] c("needleup", "needledown", "rootup", "rootdown")
INFO [2020-06-09 09:49:26] 
INFO [2020-06-09 09:49:26] $fill
INFO [2020-06-09 09:49:26] c("green", "darkgreen", "#663300", "#CC9933")
INFO [2020-06-09 09:49:26] 
INFO [2020-06-09 09:49:26] $ext.length
INFO [2020-06-09 09:49:26] [1] 0.85
INFO [2020-06-09 09:49:26] 
INFO [2020-06-09 09:49:26] $ext.line.lwd
INFO [2020-06-09 09:49:26] [1] 2
INFO [2020-06-09 09:49:26] 
INFO [2020-06-09 09:49:26] $ext.line.lty
INFO [2020-06-09 09:49:26] [1] "dashed"
INFO [2020-06-09 09:49:26] 
INFO [2020-06-09 09:49:26] $margin
INFO [2020-06-09 09:49:26] [1] 0.2
INFO [2020-06-09 09:49:26] 
